[Call Graph] For information on where the call graph may be incomplete, use the verbose option to the cg phase.
[Call Graph] For information on where the call graph may be incomplete, use the verbose option to the cg phase.
[Spark] Pointer Assignment Graph in 0.0 seconds.
[Spark] Type masks in 0.0 seconds.
[Spark] Pointer Graph simplified in 0.0 seconds.
[Spark] Propagation in 0.0 seconds.
[Spark] Solution found in 0.0 seconds.
Solving ICC problem
Composing values
Transforming com.binder.unibremen.startbinder.R$string... 
[...]

Manifest file for com.binder.unibremen.startbinder version 1
  Activities:
    com.binder.unibremen.startbinder.BindingActivity
      Intent filter:
        Actions: [android.intent.action.MAIN]
        Categories: [android.intent.category.LAUNCHER]

  Activity Aliases:
  Services:
    com.binder.unibremen.startbinder.LocalService
  Receivers:
  Providers:


The following ICC values were found:
  - com/binder/unibremen/startbinder/BindingActivity/onStart()
Intent value: 1 possible value(s):
Package: com/binder/unibremen/startbinder, Class: com/binder/unibremen/startbinder/LocalService, 

