Warning: android.hardware.display.DisplayManager is a phantom class!
Warning: android.media.RemoteControlClient$OnGetPlaybackPositionListener is a phantom class!
Warning: android.media.RemoteControlClient$OnPlaybackPositionUpdateListener is a phantom class!
Warning: android.view.ViewTreeObserver$OnWindowFocusChangeListener is a phantom class!
Warning: android.view.ViewTreeObserver$OnWindowAttachListener is a phantom class!
[Call Graph] For information on where the call graph may be incomplete, use the verbose option to the cg phase.
[Call Graph] For information on where the call graph may be incomplete, use the verbose option to the cg phase.
[Spark] Pointer Assignment Graph in 0.0 seconds.
[Spark] Type masks in 0.0 seconds.
[Spark] Pointer Graph simplified in 0.0 seconds.
[Spark] Propagation in 0.0 seconds.
[Spark] Solution found in 0.0 seconds.
Solving ICC problem
Composing values

[...]
Transforming android.support.v4.database.DatabaseUtilsCompat... 

Manifest file for com.example.aidlclient version 1
  Activities:
    com.example.aidlclient.MainActivity
      Intent filter:
        Actions: [android.intent.action.MAIN]
        Categories: [android.intent.category.LAUNCHER]

  Activity Aliases:
  Services:
  Receivers:
  Providers:


The following ICC values were found:
  - com/example/aidlclient/MainActivity/initConnection()
Intent value: 1 possible value(s):
Action: com.remote.service.CALCULATOR, 

