Warning: android.view.View$OnApplyWindowInsetsListener is a phantom class!
[...]
[Call Graph] For information on where the call graph may be incomplete, use the verbose option to the cg phase.
[Call Graph] For information on where the call graph may be incomplete, use the verbose option to the cg phase.
[Spark] Pointer Assignment Graph in 0.0 seconds.
[Spark] Type masks in 0.0 seconds.
[Spark] Pointer Graph simplified in 0.0 seconds.
[Spark] Propagation in 0.1 seconds.
[Spark] Solution found in 0.1 seconds.
Solving ICC problem
Composing values
Transforming android.support.v4.accessibilityservice.AccessibilityServiceInfoCompatIcs... 
[...]

Manifest file for com.example.root.pendingintent2 version 1
  Activities:
    com.example.root.pendingintent2.MainActivity
      Intent filter:
        Actions: [android.intent.action.MAIN]
        Categories: [android.intent.category.LAUNCHER]

  Activity Aliases:
  Services:
  Receivers:
    com.example.root.pendingintent2.MyReceiver
  Providers:


The following ICC values were found:
