Warning: android.hardware.display.DisplayManager is a phantom class!
Warning: android.media.RemoteControlClient$OnGetPlaybackPositionListener is a phantom class!
Warning: android.media.RemoteControlClient$OnPlaybackPositionUpdateListener is a phantom class!
Warning: android.view.ViewTreeObserver$OnWindowFocusChangeListener is a phantom class!
Warning: android.view.ViewTreeObserver$OnWindowAttachListener is a phantom class!
[Call Graph] For information on where the call graph may be incomplete, use the verbose option to the cg phase.
[Call Graph] For information on where the call graph may be incomplete, use the verbose option to the cg phase.
[Spark] Pointer Assignment Graph in 0.0 seconds.
[Spark] Type masks in 0.0 seconds.
[Spark] Pointer Graph simplified in 0.0 seconds.
[Spark] Propagation in 0.0 seconds.
[Spark] Solution found in 0.0 seconds.
Solving ICC problem
Composing values
Transforming com.example.aidlserver.R$menu... 
[...]

Manifest file for com.example.aidlserver version 1
  Activities:
    com.example.aidlserver.MainActivity
      Intent filter:
        Actions: [android.intent.action.MAIN]
        Categories: [android.intent.category.LAUNCHER]

  Activity Aliases:
  Services:
    com.example.aidlserver.ArithmeticService
      Intent filter:
        Actions: [com.remote.service.CALCULATOR]
  Receivers:
  Providers:


The following ICC values were found:
